# JRE version: OpenJDK Runtime Environment (8.0_152-b01) (build 1.8.0_152-release-915-b01)
# Java VM: OpenJDK 64-Bit Server VM (25.152-b01 mixed mode windows-amd64 compressed oops)
Heap:
 PSYoungGen      total 82432K, used 21854K [0x00000000e0000000, 0x00000000e8500000, 0x0000000100000000)
  eden space 73728K, 17% used [0x00000000e0000000,0x00000000e0cd7b48,0x00000000e4800000)
  from space 8704K, 100% used [0x00000000e5a00000,0x00000000e6280000,0x00000000e6280000)
  to   space 18432K, 0% used [0x00000000e4800000,0x00000000e4800000,0x00000000e5a00000)
 ParOldGen       total 55296K, used 39756K [0x00000000a0000000, 0x00000000a3600000, 0x00000000e0000000)
  object space 55296K, 71% used [0x00000000a0000000,0x00000000a26d3378,0x00000000a3600000)
 Metaspace       used 54840K, capacity 56932K, committed 57088K, reserved 1097728K
  class space    used 7392K, capacity 7870K, committed 7936K, reserved 1048576K
GC Heap History (10 events):
Event: 18.491 GC heap before
{Heap before GC invocations=16 (full 2):
 PSYoungGen      total 61440K, used 55296K [0x00000000e0000000, 0x00000000e4e80000, 0x0000000100000000)
  eden space 55296K, 100% used [0x00000000e0000000,0x00000000e3600000,0x00000000e3600000)
  from space 6144K, 0% used [0x00000000e3600000,0x00000000e3600000,0x00000000e3c00000)
  to   space 6144K, 0% used [0x00000000e4880000,0x00000000e4880000,0x00000000e4e80000)
 ParOldGen       total 55296K, used 15290K [0x00000000a0000000, 0x00000000a3600000, 0x00000000e0000000)
  object space 55296K, 27% used [0x00000000a0000000,0x00000000a0eee970,0x00000000a3600000)
 Metaspace       used 38989K, capacity 39748K, committed 39936K, reserved 1083392K
  class space    used 5064K, capacity 5312K, committed 5376K, reserved 1048576K
Event: 18.502 GC heap after
Heap after GC invocations=16 (full 2):
 PSYoungGen      total 73728K, used 5373K [0x00000000e0000000, 0x00000000e5000000, 0x0000000100000000)
  eden space 67584K, 0% used [0x00000000e0000000,0x00000000e0000000,0x00000000e4200000)
  from space 6144K, 87% used [0x00000000e4880000,0x00000000e4dbf630,0x00000000e4e80000)
  to   space 6656K, 0% used [0x00000000e4200000,0x00000000e4200000,0x00000000e4880000)
 ParOldGen       total 55296K, used 15298K [0x00000000a0000000, 0x00000000a3600000, 0x00000000e0000000)
  object space 55296K, 27% used [0x00000000a0000000,0x00000000a0ef0970,0x00000000a3600000)
 Metaspace       used 38989K, capacity 39748K, committed 39936K, reserved 1083392K
  class space    used 5064K, capacity 5312K, committed 5376K, reserved 1048576K
}
Event: 20.599 GC heap before
{Heap before GC invocations=17 (full 2):
 PSYoungGen      total 73728K, used 72957K [0x00000000e0000000, 0x00000000e5000000, 0x0000000100000000)
  eden space 67584K, 100% used [0x00000000e0000000,0x00000000e4200000,0x00000000e4200000)
  from space 6144K, 87% used [0x00000000e4880000,0x00000000e4dbf630,0x00000000e4e80000)
  to   space 6656K, 0% used [0x00000000e4200000,0x00000000e4200000,0x00000000e4880000)
 ParOldGen       total 55296K, used 15298K [0x00000000a0000000, 0x00000000a3600000, 0x00000000e0000000)
  object space 55296K, 27% used [0x00000000a0000000,0x00000000a0ef0970,0x00000000a3600000)
 Metaspace       used 44517K, capacity 45480K, committed 45696K, reserved 1089536K
  class space    used 5852K, capacity 6167K, committed 6272K, reserved 1048576K
Event: 20.615 GC heap after
Heap after GC invocations=17 (full 2):
 PSYoungGen      total 74240K, used 6642K [0x00000000e0000000, 0x00000000e6280000, 0x0000000100000000)
  eden space 67584K, 0% used [0x00000000e0000000,0x00000000e0000000,0x00000000e4200000)
  from space 6656K, 99% used [0x00000000e4200000,0x00000000e487caa8,0x00000000e4880000)
  to   space 8704K, 0% used [0x00000000e5a00000,0x00000000e5a00000,0x00000000e6280000)
 ParOldGen       total 55296K, used 19040K [0x00000000a0000000, 0x00000000a3600000, 0x00000000e0000000)
  object space 55296K, 34% used [0x00000000a0000000,0x00000000a1298198,0x00000000a3600000)
 Metaspace       used 44517K, capacity 45480K, committed 45696K, reserved 1089536K
  class space    used 5852K, capacity 6167K, committed 6272K, reserved 1048576K
}
Event: 22.934 GC heap before
{Heap before GC invocations=18 (full 2):
 PSYoungGen      total 74240K, used 74226K [0x00000000e0000000, 0x00000000e6280000, 0x0000000100000000)
  eden space 67584K, 100% used [0x00000000e0000000,0x00000000e4200000,0x00000000e4200000)
  from space 6656K, 99% used [0x00000000e4200000,0x00000000e487caa8,0x00000000e4880000)
  to   space 8704K, 0% used [0x00000000e5a00000,0x00000000e5a00000,0x00000000e6280000)
 ParOldGen       total 55296K, used 19040K [0x00000000a0000000, 0x00000000a3600000, 0x00000000e0000000)
  object space 55296K, 34% used [0x00000000a0000000,0x00000000a1298198,0x00000000a3600000)
 Metaspace       used 49078K, capacity 50288K, committed 50432K, reserved 1093632K
  class space    used 6426K, capacity 6807K, committed 6912K, reserved 1048576K
Event: 22.961 GC heap after
Heap after GC invocations=18 (full 2):
 PSYoungGen      total 90112K, used 8672K [0x00000000e0000000, 0x00000000e6700000, 0x0000000100000000)
  eden space 81408K, 0% used [0x00000000e0000000,0x00000000e0000000,0x00000000e4f80000)
  from space 8704K, 99% used [0x00000000e5a00000,0x00000000e6278018,0x00000000e6280000)
  to   space 10752K, 0% used [0x00000000e4f80000,0x00000000e4f80000,0x00000000e5a00000)
 ParOldGen       total 55296K, used 22050K [0x00000000a0000000, 0x00000000a3600000, 0x00000000e0000000)
  object space 55296K, 39% used [0x00000000a0000000,0x00000000a1588820,0x00000000a3600000)
 Metaspace       used 49078K, capacity 50288K, committed 50432K, reserved 1093632K
  class space    used 6426K, capacity 6807K, committed 6912K, reserved 1048576K
}
Event: 24.856 GC heap before
{Heap before GC invocations=19 (full 2):
 PSYoungGen      total 90112K, used 90080K [0x00000000e0000000, 0x00000000e6700000, 0x0000000100000000)
  eden space 81408K, 100% used [0x00000000e0000000,0x00000000e4f80000,0x00000000e4f80000)
  from space 8704K, 99% used [0x00000000e5a00000,0x00000000e6278018,0x00000000e6280000)
  to   space 10752K, 0% used [0x00000000e4f80000,0x00000000e4f80000,0x00000000e5a00000)
 ParOldGen       total 55296K, used 22050K [0x00000000a0000000, 0x00000000a3600000, 0x00000000e0000000)
  object space 55296K, 39% used [0x00000000a0000000,0x00000000a1588820,0x00000000a3600000)
 Metaspace       used 53026K, capacity 54632K, committed 54912K, reserved 1097728K
  class space    used 7064K, capacity 7510K, committed 7552K, reserved 1048576K
Event: 24.891 GC heap after
Heap after GC invocations=19 (full 2):
 PSYoungGen      total 92160K, used 10728K [0x00000000e0000000, 0x00000000e6700000, 0x0000000100000000)
  eden space 81408K, 0% used [0x00000000e0000000,0x00000000e0000000,0x00000000e4f80000)
  from space 10752K, 99% used [0x00000000e4f80000,0x00000000e59fa2b8,0x00000000e5a00000)
  to   space 8704K, 0% used [0x00000000e5a00000,0x00000000e5a00000,0x00000000e6280000)
 ParOldGen       total 55296K, used 28880K [0x00000000a0000000, 0x00000000a3600000, 0x00000000e0000000)
  object space 55296K, 52% used [0x00000000a0000000,0x00000000a1c342b8,0x00000000a3600000)
 Metaspace       used 53026K, capacity 54632K, committed 54912K, reserved 1097728K
  class space    used 7064K, capacity 7510K, committed 7552K, reserved 1048576K
}
Event: 25.968 GC heap before
{Heap before GC invocations=20 (full 2):
 PSYoungGen      total 92160K, used 92136K [0x00000000e0000000, 0x00000000e6700000, 0x0000000100000000)
  eden space 81408K, 100% used [0x00000000e0000000,0x00000000e4f80000,0x00000000e4f80000)
  from space 10752K, 99% used [0x00000000e4f80000,0x00000000e59fa2b8,0x00000000e5a00000)
  to   space 8704K, 0% used [0x00000000e5a00000,0x00000000e5a00000,0x00000000e6280000)
 ParOldGen       total 55296K, used 28880K [0x00000000a0000000, 0x00000000a3600000, 0x00000000e0000000)
  object space 55296K, 52% used [0x00000000a0000000,0x00000000a1c342b8,0x00000000a3600000)
 Metaspace       used 54450K, capacity 56448K, committed 56704K, reserved 1097728K
  class space    used 7313K, capacity 7787K, committed 7808K, reserved 1048576K
Event: 26.005 GC heap after
Heap after GC invocations=20 (full 2):
 PSYoungGen      total 82432K, used 8704K [0x00000000e0000000, 0x00000000e8500000, 0x0000000100000000)
  eden space 73728K, 0% used [0x00000000e0000000,0x00000000e0000000,0x00000000e4800000)
  from space 8704K, 100% used [0x00000000e5a00000,0x00000000e6280000,0x00000000e6280000)
  to   space 18432K, 0% used [0x00000000e4800000,0x00000000e4800000,0x00000000e5a00000)
 ParOldGen       total 55296K, used 39756K [0x00000000a0000000, 0x00000000a3600000, 0x00000000e0000000)
  object space 55296K, 71% used [0x00000000a0000000,0x00000000a26d3378,0x00000000a3600000)
 Metaspace       used 54450K, capacity 56448K, committed 56704K, reserved 1097728K
  class space    used 7313K, capacity 7787K, committed 7808K, reserved 1048576K
}

