# JRE version: OpenJDK Runtime Environment (8.0_152-b01) (build 1.8.0_152-release-915-b01)
# Java VM: OpenJDK 64-Bit Server VM (25.152-b01 mixed mode windows-amd64 compressed oops)
Heap:
 PSYoungGen      total 92160K, used 54006K [0x00000000e0000000, 0x00000000e7b00000, 0x0000000100000000)
  eden space 81920K, 53% used [0x00000000e0000000,0x00000000e2abe9b0,0x00000000e5000000)
  from space 10240K, 99% used [0x00000000e5000000,0x00000000e59ff0a8,0x00000000e5a00000)
  to   space 11776K, 0% used [0x00000000e6f80000,0x00000000e6f80000,0x00000000e7b00000)
 ParOldGen       total 55808K, used 16642K [0x00000000a0000000, 0x00000000a3680000, 0x00000000e0000000)
  object space 55808K, 29% used [0x00000000a0000000,0x00000000a1040af8,0x00000000a3680000)
 Metaspace       used 46353K, capacity 47714K, committed 47872K, reserved 1091584K
  class space    used 6182K, capacity 6546K, committed 6656K, reserved 1048576K
GC Heap History (10 events):
Event: 9.031 GC heap before
{Heap before GC invocations=11 (full 1):
 PSYoungGen      total 68096K, used 68060K [0x00000000e0000000, 0x00000000e4f80000, 0x0000000100000000)
  eden space 60416K, 100% used [0x00000000e0000000,0x00000000e3b00000,0x00000000e3b00000)
  from space 7680K, 99% used [0x00000000e3b00000,0x00000000e4277008,0x00000000e4280000)
  to   space 8704K, 0% used [0x00000000e4700000,0x00000000e4700000,0x00000000e4f80000)
 ParOldGen       total 36864K, used 9402K [0x00000000a0000000, 0x00000000a2400000, 0x00000000e0000000)
  object space 36864K, 25% used [0x00000000a0000000,0x00000000a092ea58,0x00000000a2400000)
 Metaspace       used 31134K, capacity 31778K, committed 31872K, reserved 1077248K
  class space    used 4178K, capacity 4425K, committed 4480K, reserved 1048576K
Event: 9.044 GC heap after
Heap after GC invocations=11 (full 1):
 PSYoungGen      total 72192K, used 7474K [0x00000000e0000000, 0x00000000e5d80000, 0x0000000100000000)
  eden space 63488K, 0% used [0x00000000e0000000,0x00000000e0000000,0x00000000e3e00000)
  from space 8704K, 85% used [0x00000000e4700000,0x00000000e4e4cb18,0x00000000e4f80000)
  to   space 9216K, 0% used [0x00000000e3e00000,0x00000000e3e00000,0x00000000e4700000)
 ParOldGen       total 36864K, used 9474K [0x00000000a0000000, 0x00000000a2400000, 0x00000000e0000000)
  object space 36864K, 25% used [0x00000000a0000000,0x00000000a0940a68,0x00000000a2400000)
 Metaspace       used 31134K, capacity 31778K, committed 31872K, reserved 1077248K
  class space    used 4178K, capacity 4425K, committed 4480K, reserved 1048576K
}
Event: 9.617 GC heap before
{Heap before GC invocations=12 (full 1):
 PSYoungGen      total 72192K, used 35159K [0x00000000e0000000, 0x00000000e5d80000, 0x0000000100000000)
  eden space 63488K, 43% used [0x00000000e0000000,0x00000000e1b093a8,0x00000000e3e00000)
  from space 8704K, 85% used [0x00000000e4700000,0x00000000e4e4cb18,0x00000000e4f80000)
  to   space 9216K, 0% used [0x00000000e3e00000,0x00000000e3e00000,0x00000000e4700000)
 ParOldGen       total 36864K, used 9474K [0x00000000a0000000, 0x00000000a2400000, 0x00000000e0000000)
  object space 36864K, 25% used [0x00000000a0000000,0x00000000a0940a68,0x00000000a2400000)
 Metaspace       used 34638K, capacity 35362K, committed 35416K, reserved 1079296K
  class space    used 4604K, capacity 4857K, committed 4864K, reserved 1048576K
Event: 9.641 GC heap after
Heap after GC invocations=12 (full 1):
 PSYoungGen      total 72704K, used 9205K [0x00000000e0000000, 0x00000000e6900000, 0x0000000100000000)
  eden space 63488K, 0% used [0x00000000e0000000,0x00000000e0000000,0x00000000e3e00000)
  from space 9216K, 99% used [0x00000000e3e00000,0x00000000e46fd790,0x00000000e4700000)
  to   space 10752K, 0% used [0x00000000e5e80000,0x00000000e5e80000,0x00000000e6900000)
 ParOldGen       total 36864K, used 10115K [0x00000000a0000000, 0x00000000a2400000, 0x00000000e0000000)
  object space 36864K, 27% used [0x00000000a0000000,0x00000000a09e0f38,0x00000000a2400000)
 Metaspace       used 34638K, capacity 35362K, committed 35416K, reserved 1079296K
  class space    used 4604K, capacity 4857K, committed 4864K, reserved 1048576K
}
Event: 9.641 GC heap before
{Heap before GC invocations=13 (full 2):
 PSYoungGen      total 72704K, used 9205K [0x00000000e0000000, 0x00000000e6900000, 0x0000000100000000)
  eden space 63488K, 0% used [0x00000000e0000000,0x00000000e0000000,0x00000000e3e00000)
  from space 9216K, 99% used [0x00000000e3e00000,0x00000000e46fd790,0x00000000e4700000)
  to   space 10752K, 0% used [0x00000000e5e80000,0x00000000e5e80000,0x00000000e6900000)
 ParOldGen       total 36864K, used 10115K [0x00000000a0000000, 0x00000000a2400000, 0x00000000e0000000)
  object space 36864K, 27% used [0x00000000a0000000,0x00000000a09e0f38,0x00000000a2400000)
 Metaspace       used 34638K, capacity 35362K, committed 35416K, reserved 1079296K
  class space    used 4604K, capacity 4857K, committed 4864K, reserved 1048576K
Event: 9.765 GC heap after
Heap after GC invocations=13 (full 2):
 PSYoungGen      total 72704K, used 0K [0x00000000e0000000, 0x00000000e6900000, 0x0000000100000000)
  eden space 63488K, 0% used [0x00000000e0000000,0x00000000e0000000,0x00000000e3e00000)
  from space 9216K, 0% used [0x00000000e3e00000,0x00000000e3e00000,0x00000000e4700000)
  to   space 10752K, 0% used [0x00000000e5e80000,0x00000000e5e80000,0x00000000e6900000)
 ParOldGen       total 55808K, used 16217K [0x00000000a0000000, 0x00000000a3680000, 0x00000000e0000000)
  object space 55808K, 29% used [0x00000000a0000000,0x00000000a0fd6690,0x00000000a3680000)
 Metaspace       used 34638K, capacity 35362K, committed 35416K, reserved 1079296K
  class space    used 4604K, capacity 4857K, committed 4864K, reserved 1048576K
}
Event: 10.736 GC heap before
{Heap before GC invocations=14 (full 2):
 PSYoungGen      total 72704K, used 63488K [0x00000000e0000000, 0x00000000e6900000, 0x0000000100000000)
  eden space 63488K, 100% used [0x00000000e0000000,0x00000000e3e00000,0x00000000e3e00000)
  from space 9216K, 0% used [0x00000000e3e00000,0x00000000e3e00000,0x00000000e4700000)
  to   space 10752K, 0% used [0x00000000e5e80000,0x00000000e5e80000,0x00000000e6900000)
 ParOldGen       total 55808K, used 16217K [0x00000000a0000000, 0x00000000a3680000, 0x00000000e0000000)
  object space 55808K, 29% used [0x00000000a0000000,0x00000000a0fd6690,0x00000000a3680000)
 Metaspace       used 38463K, capacity 39250K, committed 39424K, reserved 1083392K
  class space    used 5076K, capacity 5327K, committed 5376K, reserved 1048576K
Event: 10.744 GC heap after
Heap after GC invocations=14 (full 2):
 PSYoungGen      total 86528K, used 5586K [0x00000000e0000000, 0x00000000e6400000, 0x0000000100000000)
  eden space 80896K, 0% used [0x00000000e0000000,0x00000000e0000000,0x00000000e4f00000)
  from space 5632K, 99% used [0x00000000e5e80000,0x00000000e63f4b18,0x00000000e6400000)
  to   space 10240K, 0% used [0x00000000e5000000,0x00000000e5000000,0x00000000e5a00000)
 ParOldGen       total 55808K, used 16225K [0x00000000a0000000, 0x00000000a3680000, 0x00000000e0000000)
  object space 55808K, 29% used [0x00000000a0000000,0x00000000a0fd8690,0x00000000a3680000)
 Metaspace       used 38463K, capacity 39250K, committed 39424K, reserved 1083392K
  class space    used 5076K, capacity 5327K, committed 5376K, reserved 1048576K
}
Event: 12.317 GC heap before
{Heap before GC invocations=15 (full 2):
 PSYoungGen      total 86528K, used 86482K [0x00000000e0000000, 0x00000000e6400000, 0x0000000100000000)
  eden space 80896K, 100% used [0x00000000e0000000,0x00000000e4f00000,0x00000000e4f00000)
  from space 5632K, 99% used [0x00000000e5e80000,0x00000000e63f4b18,0x00000000e6400000)
  to   space 10240K, 0% used [0x00000000e5000000,0x00000000e5000000,0x00000000e5a00000)
 ParOldGen       total 55808K, used 16225K [0x00000000a0000000, 0x00000000a3680000, 0x00000000e0000000)
  object space 55808K, 29% used [0x00000000a0000000,0x00000000a0fd8690,0x00000000a3680000)
 Metaspace       used 44130K, capacity 45162K, committed 45440K, reserved 1089536K
  class space    used 5867K, capacity 6196K, committed 6272K, reserved 1048576K
Event: 12.339 GC heap after
Heap after GC invocations=15 (full 2):
 PSYoungGen      total 92160K, used 10236K [0x00000000e0000000, 0x00000000e7b00000, 0x0000000100000000)
  eden space 81920K, 0% used [0x00000000e0000000,0x00000000e0000000,0x00000000e5000000)
  from space 10240K, 99% used [0x00000000e5000000,0x00000000e59ff0a8,0x00000000e5a00000)
  to   space 11776K, 0% used [0x00000000e6f80000,0x00000000e6f80000,0x00000000e7b00000)
 ParOldGen       total 55808K, used 16642K [0x00000000a0000000, 0x00000000a3680000, 0x00000000e0000000)
  object space 55808K, 29% used [0x00000000a0000000,0x00000000a1040af8,0x00000000a3680000)
 Metaspace       used 44130K, capacity 45162K, committed 45440K, reserved 1089536K
  class space    used 5867K, capacity 6196K, committed 6272K, reserved 1048576K
}

